<?xml version="1.0" encoding="UTF-8"?>
<coverage generated="1508211692975" clover="3.2.0">
  <project timestamp="1508211692975" name="All files">
    <metrics statements="51" coveredstatements="31" conditionals="16" coveredconditionals="8" methods="17" coveredmethods="10" elements="84" coveredelements="49" complexity="0" loc="51" ncloc="51" packages="1" files="6" classes="6">
      <file name="Alert.js" path="/Users/andrefurquim/Desktop/ui-challenge/src/Alert.js">
        <metrics statements="8" coveredstatements="5" conditionals="2" coveredconditionals="1" methods="3" coveredmethods="2"/>
        <line num="6" count="3" type="stmt"/>
        <line num="7" count="3" type="stmt"/>
        <line num="13" count="3" type="stmt"/>
        <line num="14" count="3" type="cond" truecount="1" falsecount="1"/>
        <line num="15" count="0" type="stmt"/>
        <line num="22" count="3" type="stmt"/>
        <line num="26" count="0" type="stmt"/>
        <line num="27" count="0" type="stmt"/>
      </file>
      <file name="Configuration.js" path="/Users/andrefurquim/Desktop/ui-challenge/src/Configuration.js">
        <metrics statements="3" coveredstatements="3" conditionals="0" coveredconditionals="0" methods="0" coveredmethods="0"/>
        <line num="1" count="2" type="stmt"/>
        <line num="2" count="2" type="stmt"/>
        <line num="3" count="2" type="stmt"/>
      </file>
      <file name="FieldGroup.js" path="/Users/andrefurquim/Desktop/ui-challenge/src/FieldGroup.js">
        <metrics statements="1" coveredstatements="1" conditionals="2" coveredconditionals="1" methods="1" coveredmethods="1"/>
        <line num="5" count="1" type="stmt"/>
      </file>
      <file name="Geolocation.js" path="/Users/andrefurquim/Desktop/ui-challenge/src/Geolocation.js">
        <metrics statements="32" coveredstatements="16" conditionals="10" coveredconditionals="4" methods="10" coveredmethods="5"/>
        <line num="12" count="3" type="stmt"/>
        <line num="13" count="3" type="stmt"/>
        <line num="14" count="3" type="stmt"/>
        <line num="15" count="3" type="stmt"/>
        <line num="16" count="3" type="stmt"/>
        <line num="17" count="3" type="stmt"/>
        <line num="21" count="3" type="stmt"/>
        <line num="25" count="0" type="stmt"/>
        <line num="27" count="0" type="stmt"/>
        <line num="30" count="0" type="cond" truecount="0" falsecount="2"/>
        <line num="31" count="0" type="stmt"/>
        <line num="32" count="0" type="stmt"/>
        <line num="33" count="0" type="stmt"/>
        <line num="34" count="0" type="cond" truecount="0" falsecount="2"/>
        <line num="35" count="0" type="stmt"/>
        <line num="37" count="0" type="stmt"/>
        <line num="39" count="0" type="stmt"/>
        <line num="44" count="0" type="stmt"/>
        <line num="48" count="3" type="cond" truecount="2" falsecount="0"/>
        <line num="49" count="2" type="stmt"/>
        <line num="51" count="0" type="stmt"/>
        <line num="55" count="1" type="cond" truecount="1" falsecount="1"/>
        <line num="56" count="0" type="stmt"/>
        <line num="57" count="0" type="stmt"/>
        <line num="58" count="0" type="stmt"/>
        <line num="59" count="1" type="cond" truecount="1" falsecount="1"/>
        <line num="60" count="1" type="stmt"/>
        <line num="62" count="0" type="stmt"/>
        <line num="64" count="1" type="stmt"/>
        <line num="67" count="1" type="stmt"/>
        <line num="73" count="7" type="stmt"/>
        <line num="75" count="7" type="stmt"/>
      </file>
      <file name="Map.js" path="/Users/andrefurquim/Desktop/ui-challenge/src/Map.js">
        <metrics statements="3" coveredstatements="2" conditionals="0" coveredconditionals="0" methods="2" coveredmethods="1"/>
        <line num="7" count="2" type="stmt"/>
        <line num="17" count="0" type="stmt"/>
        <line num="32" count="1" type="stmt"/>
      </file>
      <file name="validateUrl.js" path="/Users/andrefurquim/Desktop/ui-challenge/src/validateUrl.js">
        <metrics statements="4" coveredstatements="4" conditionals="2" coveredconditionals="2" methods="1" coveredmethods="1"/>
        <line num="2" count="11" type="stmt"/>
        <line num="3" count="11" type="cond" truecount="2" falsecount="0"/>
        <line num="4" count="3" type="stmt"/>
        <line num="6" count="8" type="stmt"/>
      </file>
    </metrics>
  </project>
</coverage>
