{"/Users/andrefurquim/Desktop/ui-challenge/src/Alert.js": {"path":"/Users/andrefurquim/Desktop/ui-challenge/src/Alert.js","statementMap":{"0":{"start":{"line":6,"column":8},"end":{"line":6,"column":16}},"1":{"start":{"line":7,"column":8},"end":{"line":7,"column":70}},"2":{"start":{"line":13,"column":50},"end":{"line":13,"column":60}},"3":{"start":{"line":14,"column":8},"end":{"line":21,"column":9}},"4":{"start":{"line":15,"column":12},"end":{"line":20,"column":14}},"5":{"start":{"line":22,"column":8},"end":{"line":22,"column":27}},"6":{"start":{"line":26,"column":33},"end":{"line":26,"column":43}},"7":{"start":{"line":27,"column":8},"end":{"line":27,"column":45}}},"fnMap":{"0":{"name":"(anonymous_0)","decl":{"start":{"line":5,"column":4},"end":{"line":5,"column":5}},"loc":{"start":{"line":5,"column":17},"end":{"line":9,"column":5}},"line":5},"1":{"name":"(anonymous_1)","decl":{"start":{"line":12,"column":4},"end":{"line":12,"column":5}},"loc":{"start":{"line":12,"column":12},"end":{"line":23,"column":5}},"line":12},"2":{"name":"(anonymous_2)","decl":{"start":{"line":25,"column":25},"end":{"line":25,"column":26}},"loc":{"start":{"line":25,"column":31},"end":{"line":28,"column":5}},"line":25}},"branchMap":{"0":{"loc":{"start":{"line":14,"column":8},"end":{"line":21,"column":9}},"type":"if","locations":[{"start":{"line":14,"column":8},"end":{"line":21,"column":9}},{"start":{"line":14,"column":8},"end":{"line":21,"column":9}}],"line":14}},"s":{"0":3,"1":3,"2":3,"3":3,"4":0,"5":3,"6":0,"7":0},"f":{"0":3,"1":3,"2":0},"b":{"0":[0,3]},"_coverageSchema":"332fd63041d2c1bcb487cc26dd0d5f7d97098a6c","hash":"af20055f4538bc73d83aa5029bc1fc7a3497d6b1"}
,"/Users/andrefurquim/Desktop/ui-challenge/src/Configuration.js": {"path":"/Users/andrefurquim/Desktop/ui-challenge/src/Configuration.js","statementMap":{"0":{"start":{"line":1,"column":23},"end":{"line":1,"column":64}},"1":{"start":{"line":2,"column":30},"end":{"line":2,"column":128}},"2":{"start":{"line":3,"column":28},"end":{"line":3,"column":56}}},"fnMap":{},"branchMap":{},"s":{"0":2,"1":2,"2":2},"f":{},"b":{},"_coverageSchema":"332fd63041d2c1bcb487cc26dd0d5f7d97098a6c","hash":"1865f0c89fbc334ac8a4458efe34815265bc1b35"}
,"/Users/andrefurquim/Desktop/ui-challenge/src/FieldGroup.js": {"path":"/Users/andrefurquim/Desktop/ui-challenge/src/FieldGroup.js","statementMap":{"0":{"start":{"line":5,"column":2},"end":{"line":11,"column":4}}},"fnMap":{"0":{"name":"FieldGroup","decl":{"start":{"line":4,"column":9},"end":{"line":4,"column":19}},"loc":{"start":{"line":4,"column":51},"end":{"line":12,"column":1}},"line":4}},"branchMap":{"0":{"loc":{"start":{"line":9,"column":7},"end":{"line":9,"column":44}},"type":"binary-expr","locations":[{"start":{"line":9,"column":7},"end":{"line":9,"column":11}},{"start":{"line":9,"column":15},"end":{"line":9,"column":44}}],"line":9}},"s":{"0":1},"f":{"0":1},"b":{"0":[1,0]},"_coverageSchema":"332fd63041d2c1bcb487cc26dd0d5f7d97098a6c","hash":"9a19e2f82a26228ba302be502f5cb3e9bfadb082"}
,"/Users/andrefurquim/Desktop/ui-challenge/src/Geolocation.js": {"path":"/Users/andrefurquim/Desktop/ui-challenge/src/Geolocation.js","statementMap":{"0":{"start":{"line":12,"column":8},"end":{"line":12,"column":16}},"1":{"start":{"line":13,"column":8},"end":{"line":13,"column":104}},"2":{"start":{"line":14,"column":8},"end":{"line":14,"column":57}},"3":{"start":{"line":15,"column":8},"end":{"line":15,"column":63}},"4":{"start":{"line":16,"column":8},"end":{"line":16,"column":71}},"5":{"start":{"line":17,"column":8},"end":{"line":17,"column":55}},"6":{"start":{"line":21,"column":8},"end":{"line":21,"column":44}},"7":{"start":{"line":25,"column":8},"end":{"line":40,"column":13}},"8":{"start":{"line":27,"column":12},"end":{"line":27,"column":105}},"9":{"start":{"line":30,"column":12},"end":{"line":38,"column":13}},"10":{"start":{"line":31,"column":14},"end":{"line":31,"column":47}},"11":{"start":{"line":32,"column":14},"end":{"line":32,"column":49}},"12":{"start":{"line":33,"column":14},"end":{"line":33,"column":50}},"13":{"start":{"line":34,"column":19},"end":{"line":38,"column":13}},"14":{"start":{"line":35,"column":14},"end":{"line":35,"column":41}},"15":{"start":{"line":37,"column":14},"end":{"line":37,"column":50}},"16":{"start":{"line":39,"column":12},"end":{"line":39,"column":38}},"17":{"start":{"line":44,"column":8},"end":{"line":44,"column":82}},"18":{"start":{"line":48,"column":8},"end":{"line":68,"column":9}},"19":{"start":{"line":49,"column":12},"end":{"line":65,"column":17}},"20":{"start":{"line":51,"column":16},"end":{"line":51,"column":115}},"21":{"start":{"line":55,"column":16},"end":{"line":63,"column":17}},"22":{"start":{"line":56,"column":18},"end":{"line":56,"column":51}},"23":{"start":{"line":57,"column":18},"end":{"line":57,"column":53}},"24":{"start":{"line":58,"column":18},"end":{"line":58,"column":54}},"25":{"start":{"line":59,"column":23},"end":{"line":63,"column":17}},"26":{"start":{"line":60,"column":18},"end":{"line":60,"column":45}},"27":{"start":{"line":62,"column":18},"end":{"line":62,"column":54}},"28":{"start":{"line":64,"column":16},"end":{"line":64,"column":42}},"29":{"start":{"line":67,"column":12},"end":{"line":67,"column":44}},"30":{"start":{"line":73,"column":69},"end":{"line":73,"column":79}},"31":{"start":{"line":75,"column":8},"end":{"line":112,"column":10}}},"fnMap":{"0":{"name":"(anonymous_0)","decl":{"start":{"line":11,"column":4},"end":{"line":11,"column":5}},"loc":{"start":{"line":11,"column":17},"end":{"line":18,"column":5}},"line":11},"1":{"name":"(anonymous_1)","decl":{"start":{"line":20,"column":4},"end":{"line":20,"column":5}},"loc":{"start":{"line":20,"column":19},"end":{"line":22,"column":5}},"line":20},"2":{"name":"(anonymous_2)","decl":{"start":{"line":24,"column":4},"end":{"line":24,"column":5}},"loc":{"start":{"line":24,"column":25},"end":{"line":41,"column":5}},"line":24},"3":{"name":"(anonymous_3)","decl":{"start":{"line":26,"column":14},"end":{"line":26,"column":15}},"loc":{"start":{"line":26,"column":21},"end":{"line":28,"column":9}},"line":26},"4":{"name":"(anonymous_4)","decl":{"start":{"line":29,"column":15},"end":{"line":29,"column":16}},"loc":{"start":{"line":29,"column":32},"end":{"line":40,"column":11}},"line":29},"5":{"name":"(anonymous_5)","decl":{"start":{"line":43,"column":4},"end":{"line":43,"column":5}},"loc":{"start":{"line":43,"column":17},"end":{"line":45,"column":5}},"line":43},"6":{"name":"(anonymous_6)","decl":{"start":{"line":47,"column":4},"end":{"line":47,"column":5}},"loc":{"start":{"line":47,"column":21},"end":{"line":70,"column":5}},"line":47},"7":{"name":"(anonymous_7)","decl":{"start":{"line":50,"column":18},"end":{"line":50,"column":19}},"loc":{"start":{"line":50,"column":25},"end":{"line":53,"column":13}},"line":50},"8":{"name":"(anonymous_8)","decl":{"start":{"line":54,"column":19},"end":{"line":54,"column":20}},"loc":{"start":{"line":54,"column":36},"end":{"line":65,"column":15}},"line":54},"9":{"name":"(anonymous_9)","decl":{"start":{"line":72,"column":4},"end":{"line":72,"column":5}},"loc":{"start":{"line":72,"column":12},"end":{"line":113,"column":5}},"line":72}},"branchMap":{"0":{"loc":{"start":{"line":30,"column":12},"end":{"line":38,"column":13}},"type":"if","locations":[{"start":{"line":30,"column":12},"end":{"line":38,"column":13}},{"start":{"line":30,"column":12},"end":{"line":38,"column":13}}],"line":30},"1":{"loc":{"start":{"line":34,"column":19},"end":{"line":38,"column":13}},"type":"if","locations":[{"start":{"line":34,"column":19},"end":{"line":38,"column":13}},{"start":{"line":34,"column":19},"end":{"line":38,"column":13}}],"line":34},"2":{"loc":{"start":{"line":48,"column":8},"end":{"line":68,"column":9}},"type":"if","locations":[{"start":{"line":48,"column":8},"end":{"line":68,"column":9}},{"start":{"line":48,"column":8},"end":{"line":68,"column":9}}],"line":48},"3":{"loc":{"start":{"line":55,"column":16},"end":{"line":63,"column":17}},"type":"if","locations":[{"start":{"line":55,"column":16},"end":{"line":63,"column":17}},{"start":{"line":55,"column":16},"end":{"line":63,"column":17}}],"line":55},"4":{"loc":{"start":{"line":59,"column":23},"end":{"line":63,"column":17}},"type":"if","locations":[{"start":{"line":59,"column":23},"end":{"line":63,"column":17}},{"start":{"line":59,"column":23},"end":{"line":63,"column":17}}],"line":59}},"s":{"0":3,"1":3,"2":3,"3":3,"4":3,"5":3,"6":3,"7":0,"8":0,"9":0,"10":0,"11":0,"12":0,"13":0,"14":0,"15":0,"16":0,"17":0,"18":3,"19":2,"20":0,"21":1,"22":0,"23":0,"24":0,"25":1,"26":1,"27":0,"28":1,"29":1,"30":7,"31":7},"f":{"0":3,"1":3,"2":0,"3":0,"4":0,"5":0,"6":3,"7":0,"8":1,"9":7},"b":{"0":[0,0],"1":[0,0],"2":[2,1],"3":[0,1],"4":[1,0]},"_coverageSchema":"332fd63041d2c1bcb487cc26dd0d5f7d97098a6c","hash":"0c8dac93938f94e28b906a91bb9e954406baebe3"}
,"/Users/andrefurquim/Desktop/ui-challenge/src/Map.js": {"path":"/Users/andrefurquim/Desktop/ui-challenge/src/Map.js","statementMap":{"0":{"start":{"line":7,"column":12},"end":{"line":28,"column":1}},"1":{"start":{"line":17,"column":2},"end":{"line":27,"column":8}},"2":{"start":{"line":32,"column":4},"end":{"line":41,"column":6}}},"fnMap":{"0":{"name":"(anonymous_0)","decl":{"start":{"line":16,"column":1},"end":{"line":16,"column":2}},"loc":{"start":{"line":17,"column":2},"end":{"line":27,"column":8}},"line":17},"1":{"name":"(anonymous_1)","decl":{"start":{"line":31,"column":2},"end":{"line":31,"column":3}},"loc":{"start":{"line":31,"column":10},"end":{"line":42,"column":3}},"line":31}},"branchMap":{},"s":{"0":2,"1":0,"2":1},"f":{"0":0,"1":1},"b":{},"_coverageSchema":"332fd63041d2c1bcb487cc26dd0d5f7d97098a6c","hash":"7fa6f00600dc78b11151ea59500e5596bcc31aa3"}
,"/Users/andrefurquim/Desktop/ui-challenge/src/validateUrl.js": {"path":"/Users/andrefurquim/Desktop/ui-challenge/src/validateUrl.js","statementMap":{"0":{"start":{"line":2,"column":14},"end":{"line":2,"column":125}},"1":{"start":{"line":3,"column":4},"end":{"line":6,"column":20}},"2":{"start":{"line":4,"column":8},"end":{"line":4,"column":21}},"3":{"start":{"line":6,"column":8},"end":{"line":6,"column":20}}},"fnMap":{"0":{"name":"validateUrl","decl":{"start":{"line":1,"column":9},"end":{"line":1,"column":20}},"loc":{"start":{"line":1,"column":26},"end":{"line":7,"column":1}},"line":1}},"branchMap":{"0":{"loc":{"start":{"line":3,"column":4},"end":{"line":6,"column":20}},"type":"if","locations":[{"start":{"line":3,"column":4},"end":{"line":6,"column":20}},{"start":{"line":3,"column":4},"end":{"line":6,"column":20}}],"line":3}},"s":{"0":11,"1":11,"2":3,"3":8},"f":{"0":11},"b":{"0":[3,8]},"_coverageSchema":"332fd63041d2c1bcb487cc26dd0d5f7d97098a6c","hash":"580a7a2a3db862168494665b0db99c6706a4aac7"}
}
