TN:
SF:/Users/andrefurquim/Desktop/ui-challenge/src/Alert.js
FN:5,(anonymous_0)
FN:12,(anonymous_1)
FN:25,(anonymous_2)
FNF:3
FNH:2
FNDA:3,(anonymous_0)
FNDA:3,(anonymous_1)
FNDA:0,(anonymous_2)
DA:6,3
DA:7,3
DA:13,3
DA:14,3
DA:15,0
DA:22,3
DA:26,0
DA:27,0
LF:8
LH:5
BRDA:14,0,0,0
BRDA:14,0,1,3
BRF:2
BRH:1
end_of_record
TN:
SF:/Users/andrefurquim/Desktop/ui-challenge/src/Configuration.js
FNF:0
FNH:0
DA:1,2
DA:2,2
DA:3,2
LF:3
LH:3
BRF:0
BRH:0
end_of_record
TN:
SF:/Users/andrefurquim/Desktop/ui-challenge/src/FieldGroup.js
FN:4,FieldGroup
FNF:1
FNH:1
FNDA:1,FieldGroup
DA:5,1
LF:1
LH:1
BRDA:9,0,0,1
BRDA:9,0,1,0
BRF:2
BRH:1
end_of_record
TN:
SF:/Users/andrefurquim/Desktop/ui-challenge/src/Geolocation.js
FN:11,(anonymous_0)
FN:20,(anonymous_1)
FN:24,(anonymous_2)
FN:26,(anonymous_3)
FN:29,(anonymous_4)
FN:43,(anonymous_5)
FN:47,(anonymous_6)
FN:50,(anonymous_7)
FN:54,(anonymous_8)
FN:72,(anonymous_9)
FNF:10
FNH:5
FNDA:3,(anonymous_0)
FNDA:3,(anonymous_1)
FNDA:0,(anonymous_2)
FNDA:0,(anonymous_3)
FNDA:0,(anonymous_4)
FNDA:0,(anonymous_5)
FNDA:3,(anonymous_6)
FNDA:0,(anonymous_7)
FNDA:1,(anonymous_8)
FNDA:7,(anonymous_9)
DA:12,3
DA:13,3
DA:14,3
DA:15,3
DA:16,3
DA:17,3
DA:21,3
DA:25,0
DA:27,0
DA:30,0
DA:31,0
DA:32,0
DA:33,0
DA:34,0
DA:35,0
DA:37,0
DA:39,0
DA:44,0
DA:48,3
DA:49,2
DA:51,0
DA:55,1
DA:56,0
DA:57,0
DA:58,0
DA:59,1
DA:60,1
DA:62,0
DA:64,1
DA:67,1
DA:73,7
DA:75,7
LF:32
LH:16
BRDA:30,0,0,0
BRDA:30,0,1,0
BRDA:34,1,0,0
BRDA:34,1,1,0
BRDA:48,2,0,2
BRDA:48,2,1,1
BRDA:55,3,0,0
BRDA:55,3,1,1
BRDA:59,4,0,1
BRDA:59,4,1,0
BRF:10
BRH:4
end_of_record
TN:
SF:/Users/andrefurquim/Desktop/ui-challenge/src/Map.js
FN:16,(anonymous_0)
FN:31,(anonymous_1)
FNF:2
FNH:1
FNDA:0,(anonymous_0)
FNDA:1,(anonymous_1)
DA:7,2
DA:17,0
DA:32,1
LF:3
LH:2
BRF:0
BRH:0
end_of_record
TN:
SF:/Users/andrefurquim/Desktop/ui-challenge/src/validateUrl.js
FN:1,validateUrl
FNF:1
FNH:1
FNDA:11,validateUrl
DA:2,11
DA:3,11
DA:4,3
DA:6,8
LF:4
LH:4
BRDA:3,0,0,3
BRDA:3,0,1,8
BRF:2
BRH:2
end_of_record
